*** Using Compiler 'V5.06 update 6 (build 750)', folder: 'F:\Keil_v5\ARM\ARMCC\Bin'
Build target 'Target 1'
compiling stm32f10x_rtc.c...
compiling core_cm3.c...
compiling misc.c...
compiling stm32f10x_dma.c...
compiling stm32f10x_gpio.c...
compiling stm32f10x_usart.c...
compiling stm32f10x_tim.c...
compiling stm32f10x_pwr.c...
compiling stm32f10x_rcc.c...
compiling stm32f10x_fsmc.c...
compiling stm32f10x_bkp.c...
compiling TM1637.c...
compiling rtc.c...
compiling led.c...
compiling key.c...
compiling ESP01.c...
..\HARDWARE\ESP01.c(44): warning:  #167-D: argument of type "u8 *" is incompatible with parameter of type "const char *"
  	if(strcmp(USART_RX_BUF2,"OK") == 0)
..\HARDWARE\ESP01.c: 1 warning, 0 errors
compiling beep.c...
assembling startup_stm32f10x_md.s...
compiling display.c...
..\HARDWARE\display.c(5): warning:  #167-D: argument of type "char *" is incompatible with parameter of type "u8 *"
      LCD_ShowString(80, 220,240,12,12,str);
..\HARDWARE\display.c(22): warning:  #167-D: argument of type "char *" is incompatible with parameter of type "u8 *"
      LCD_ShowString(98,106,240,16,16,str);
..\HARDWARE\display.c(28): warning:  #167-D: argument of type "char *" is incompatible with parameter of type "u8 *"
      LCD_ShowString(48,50,240,24,24,str);
..\HARDWARE\display.c(33): warning:  #167-D: argument of type "char *" is incompatible with parameter of type "u8 *"
      LCD_ShowString(81,86,240,16,16,str);
..\HARDWARE\display.c: 4 warnings, 0 errors
compiling usart2.c...
compiling lcd.c...
compiling delay.c...
compiling usart.c...
..\SYSTEM\usart\usart.c(48): warning:  #260-D: explicit type is missing ("int" assumed)
  _sys_exit(int x) 
..\SYSTEM\usart\usart.c: 1 warning, 0 errors
compiling system_stm32f10x.c...
compiling main.c...
compiling sys.c...
linking...
Program Size: Code=24624 RO-data=6548 RW-data=64 ZI-data=2368  
FromELF: creating hex file...
".\Objects\smartclock.axf" - 0 Error(s), 6 Warning(s).
Build Time Elapsed:  00:00:04
